The system is: Windows - 10.0.19044 - AMD64
Compiling the C compiler identification source file "CMakeCCompilerId.c" succeeded.
Compiler: F:/mingw64/bin/gcc.exe 
Build flags: 
Id flags:  

The output was:
0


Compilation of the C compiler identification source "CMakeCCompilerId.c" produced "a.exe"

The C compiler identification is GNU, found in "F:/VScode/out/Debug/CMakeFiles/3.25.1/CompilerIdC/a.exe"

Compiling the CXX compiler identification source file "CMakeCXXCompilerId.cpp" succeeded.
Compiler: F:/mingw64/bin/g++.exe 
Build flags: 
Id flags:  

The output was:
0


Compilation of the CXX compiler identification source "CMakeCXXCompilerId.cpp" produced "a.exe"

The CXX compiler identification is GNU, found in "F:/VScode/out/Debug/CMakeFiles/3.25.1/CompilerIdCXX/a.exe"

Detecting C compiler ABI info compiled with the following output:
Change Dir: F:/VScode/out/Debug/CMakeFiles/CMakeScratch/TryCompile-4cn3r0

Run Build Command(s):F:/gytx_x86_64-12.1.0-posix-seh/mingw64/bin/mingw32-make.exe -f Makefile cmTC_e8947/fast && F:/gytx_x86_64-12.1.0-posix-seh/mingw64/bin/mingw32-make.exe  -f CMakeFiles\cmTC_e8947.dir\build.make CMakeFiles/cmTC_e8947.dir/build

mingw32-make.exe[1]: Entering directory 'F:/VScode/out/Debug/CMakeFiles/CMakeScratch/TryCompile-4cn3r0'

Building C object CMakeFiles/cmTC_e8947.dir/CMakeCCompilerABI.c.obj

C:\mingw64\bin\gcc.exe   -v -o CMakeFiles\cmTC_e8947.dir\CMakeCCompilerABI.c.obj -c F:\CMake\share\cmake-3.25\Modules\CMakeCCompilerABI.c

Using built-in specs.

COLLECT_GCC=C:\mingw64\bin\gcc.exe

TF:/mingw64/bin/64-mingw32F:/mingw64/bin/

Configured with: ../../../src/gcc-11.2.0/configure --host=x86_64-w64-mingw32 --build=x86_64-w64-mingw32 --target=x86_64-w64-mingw32 --prefix=/mingw64 --with-sysroot=/build/x86_64-1120-posix-seh-rt_v9-rev1/mingw64 --enable-shared --enable-static --disable-multilib --enable-languages=c,c++,lto --enable-libstdcxx-time=yes --enable-threads=posix --enable-libgomp --enable-libatomic --enable-lto --enable-graphite --enable-checking=release --enable-fully-dynamic-string --enable-version-specific-runtime-libs --enable-libstdcxx-filesystem-ts=yes --disable-libstdcxx-pch --disable-libstdcxx-debug --enable-bootstrap --disable-rpath --disable-win32-registry --disable-nls --disable-werror --disable-symvers --with-gnu-as --with-gnu-ld --with-arch=nocona --with-tune=core2 --with-libiconv --with-system-zlib --with-gmp=/build/prerequisites/x86_64-w64-mingw32-static --with-mpfr=/build/prerequisites/x86_64-w64-mingw32-static --with-mpc=/build/prerequisites/x86_64-w64-mingw32-static --with-isl=/build/prerequisites/x86_64-w64-mingw32-static --with-pkgversion='x86_64-posix-seh-rev1, Built by Guyutongxue' --with-bugurl=https://sourceforge.net/projects/mingw-w64 CFLAGS='-O2 -pipe -fno-ident -I/build/x86_64-1120-posix-seh-rt_v9-rev1/mingw64/opt/include -I/build/prerequisites/x86_64-zlib-static/include -I/build/prerequisites/x86_64-w64-mingw32-static/include' CXXFLAGS='-O2 -pipe -fno-ident -I/build/x86_64-1120-posix-seh-rt_v9-rev1/mingw64/opt/include -I/build/prerequisites/x86_64-zlib-static/include -I/build/prerequisites/x86_64-w64-mingw32-static/include' CPPFLAGS=' -I/build/x86_64-1120-posix-seh-rt_v9-rev1/mingw64/opt/include -I/build/prerequisites/x86_64-zlib-static/include -I/build/prerequisites/x86_64-w64-mingw32-static/include' LDFLAGS='-pipe -fno-ident -L/build/x86_64-1120-posix-seh-rt_v9-rev1/mingw64/opt/lib -L/build/prerequisites/x86_64-zlib-static/lib -L/build/prerequisites/x86_64-w64-mingw32-static/lib ' LD_FOR_TARGET=/build/x86_64-1120-posix-seh-rt_v9-rev1/mingw64/bin/ld.exe

Thread model: posix

Supported LTO compression algorithms: zlib

gcc version 11.2.0 (x86_64-posix-seh-rev1, Built by Guyutongxue) 

COLLECT_GCC_OPTIONS='-v' '-o' 'CMakeFiles\cmTC_e8947.dir\CMakeCCompilerABI.c.obj' '-c' '-mtune=core2' '-march=nocona' '-dumpdir' 'CMakeFiles\cmTC_e8947.dir\'

 F:/mingw64/bin/../libexec/gcc/x86_64-w64-mingw32/11.2.0/cc1.exe -quiet -v -iprefix F:/mingw64/bin/../lib/gcc/x86_64-w64-mingw32/11.2.0/ -D_REENTRANT F:\CMake\share\cmake-3.25\Modules\CMakeCCompilerABI.c -quiet -dumpdir CMakeFiles\cmTC_e8947.dir\ -dumpbase CMakeCCompilerABI.c.c -dumpbase-ext .c -mtune=core2 -march=nocona -version -o C:\Users\SINCLA~1\AppData\Local\Temp\ccN5Wk8Y.s
F:/mingw64/bin/
GF:/mingw64/bin/posix-seh-rev1, Built by Guyutongxue) version 11.2.0 (x86_64-w64-mingw32)

	compiled by GNU C version 11.2.0, GMP version 6.2.1, MPFR version 4.1.0, MPC version 1.2.1, isl version isl-0.24-GMP



GGC heuristics: --param ggc-min-expand=100 --param ggc-min-heapsize=131072

iF:/mingw64/bin/te directory "F:/mingw64/lib/gcc/../../lib/gcc/x86_64-w64-mingw32/11.2.0/include"

ignoring nonexF:/mingw64/bin/y "C:/msys64/build/x86_64-1120-posix-seh-rF:/mingw64/bin/64C:/msys64/mingF:/mingw64/bin/_64-w64-mingw32/11.2.0/../../../../include"
F:/mingw64/bin/F:/mingw64/bin/F:/mingw64/bin/F:/mingw64/bin/F:/mingw64/bin/F:/mingw64/bin/
ignoring duplicate directory "F:/mingw64/lib/gcc/../../lib/gcc/x86_64-w64-mingw32/11.2.0/include-fixed"

ignoring duplicate directory "F:/mingw64/lib/gcc/../../lib/gcc/x86_64-w64-mingw32/11.2.0/../../../../x86_64-w64-mingw32/include"

ignoring nonexistent directory "C:/msys64/build/x86_64-1120-posix-seh-rt_v9-rev1/mingw64/mingw/include"

#include "..." search starts here:

#include <...> searcF:/mingw64/bin/

 F:/mingw64/bin/../lib/gcc/x86_64-w64-mingw32/11.2.0/include

 F:/mingw64/bin/../lib/gcc/x86_64-w64-mingw32/11.2.0/include-fixed

 F:/mingw64/biF:/mingw64/bin/6_64-w64-mingw32/11.2.0/../../../../x86_64F:/mingw64/bin/cludeF:/mingw64/bin/
F:/mingw64/bin/F:/mingw64/bin/F:/mingw64/bin/F:/mingw64/bin/F:/mingw64/bin/F:/mingw64/bin/
End of search list.
F:/mingw64/bin/F:/mingw64/bin/F:/mingw64/bin/F:/mingw64/bin/F:/mingw64/bin/F:/mingw64/bin/F:/mingw64/bin/F:/mingw64/bin/F:/mingw64/bin/F:/mingw64/bin/F:/mingw64/bin/F:/mingw64/bin/
GNU C17 (x86_64-posix-seh-rev1, Built by Guyutongxue) version 11.2.0 (x86_64-w64-mingw32)

	compiled by GNU C version 11.2.0, GMP version 6.2.1, MPFR version 4.1.0, MPC version 1.2.1, isl version isl-0.24-GMP



GGC heuristics: --param ggc-min-expand=100 --param ggc-min-heapsize=131072

Compiler eF:/mingw64/bin/sum: 75a1210adfd79a978a00ab6447a7ae89
F:/mingw64/bin/
COLLECT_GCF:/mingw64/bin/'-o' 'CMakeFiles\cmTC_e8947.dir\CMakeCCompilerABI.c.obj' '-c' '-mtune=core2' '-march=nocona' '-dumpdir' 'CMakeFiles\cmTC_e8947.dir\'

 F:/mingw64/bin/../lib/gF:/mingw64/bin/ingw32/11.2.0/../../../../x86_64-w64-mingw32/bin/as.exe -v -o CMakeFiles\cmTC_e8947.dir\CMakeCCompilerABI.c.obj C:\Users\SINCLA~1\AppData\Local\Temp\ccN5Wk8Y.s
F:/mingw64/bin/
GNU assembler version 2.F:/mingw64/bin/mingw32) using BFD version (GNU Binutils) 2.37

COMPILER_PATH=F:/mingw64/bin/../libexec/gcc/x86_64-w64-mingw32/11.2.0/;F:/mingw64/bin/../libexec/gcc/;F:/mingw64/bin/../lib/gcc/x86_64-w64-mingw32/11.2.0/../../../../x86_64-w64-mingw32/bin/

LIBRARY_PATH=F:/mingw64/bin/../lib/gcc/x86_64-w64-mingw32/11.2.0/;F:/mingw64/bin/../lib/gcc/;F:/mingw64/bin/../lib/gcc/x86_64-w64-mingw32/11.2.0/../../../../x86_64-w64-mingw32/lib/../lib/;F:/mingw64/bin/../lib/gcc/x86_64-w64-mingw32/11.2.0/../../../../lib/;F:/mingw64/bin/../lib/gcc/x86_64-w64-mingw32/11.2.0/../../../../x86_64-w64-mingw32/lib/;F:/mingw64/bin/../lib/gcc/x86_64-w64-mingw32/11.2.0/../../../

COLLECT_GCC_OPTIONS='-v' '-o' 'CMakeFiles\cmTC_e8947.dir\CMakeCCompilerABI.c.obj' '-c' '-mtune=core2' '-march=nocona' '-dumpdir' 'CMakeFiles\cmTC_e8947.dir\CMakeCCompilerABI.c.'

Linking C executable cmTC_e8947.exe

F:\CMake\bin\cmake.exe -E cmake_link_script CMakeFiles\cmTC_e8947.dir\link.txt --verbose=1

F:\CMake\bin\cmake.exe -E rm -f CMakeFiles\cmTC_e8947.dir/objects.a
C:\mingw64\bin\ar.exe qc CMakeFiles\cmTC_e8947.dir/objects.a @CMakeFiles\cmTC_e8947.dir\objects1
C:\mingw64\bin\gcc.exe  -v -Wl,--whole-archive CMakeFiles\cmTC_e8947.dir/objects.a -Wl,--no-whole-archive -o cmTC_e8947.exe -Wl,--out-implib,libcmTC_e8947.dll.a -Wl,--major-image-version,0,--minor-image-version,0 
Using built-in specs.

COLLECT_GCC=C:\mingw64\bin\gcc.exe

COLLECT_LTO_WRAPPER=F:/mingw64/bin/../libexec/gcc/x86_64-w64-mingw32/11.2.0/lto-wrapper.exe
F:/mingw64/bin/F:/mingw64/bin/
Target: x86_64-w64-mingw32

Configured with: ../../../src/gcc-11.2.0/configure --host=x86_64-w64-mingw32 --build=x86_64-w64-mingw32 --target=x86_64-w64-mingw32 --prefix=/mingw64 --with-sysroot=/build/x86_64-1120-posix-seh-rt_v9-rev1/mingw64 --enable-shared --enable-static --disable-multilib --enable-languages=c,c++,lto --enable-libstdcxx-time=yes --enable-threads=posix --enable-libgomp --enable-libatomic --enable-lto --enable-graphite --enable-checking=release --enable-fully-dynamic-string --enable-version-specific-runtime-libs --enable-libstdcxx-filesystem-ts=yes --disable-libstdcxx-pch --disable-libstdcxx-debug --enable-bootstrap --disable-rpath --disable-win32-registry --disable-nls --disable-werror --disable-symvers --with-gnu-as --with-gnu-ld --with-arch=nocona --with-tune=core2 --with-libiconv --with-system-zlib --with-gmp=/build/prerequisites/x86_64-w64-mingw32-static --with-mpfr=/build/prerequisites/x86_64-w64-mingw32-static --with-mpc=/build/prerequisites/x86_64-w64-mingw32-static --with-isl=/build/prerequisites/x86_64-w64-mingw32-static --with-pkgversion='x86_64-posix-seh-rev1, Built by Guyutongxue' --with-bugurl=https://sourceforge.net/projects/mingw-w64 CFLAGS='-O2 -pipe -fno-ident -I/build/x86_64-1120-posix-seh-rt_v9-rev1/mingw64/opt/include -I/build/prerequisites/x86_64-zlib-static/include -I/build/prerequisites/x86_64-w64-mingw32-static/include' CXXFLAGS='-O2 -pipe -fno-ident -I/build/x86_64-1120-posix-seh-rt_v9-rev1/mingw64/opt/include -I/build/prerequisites/x86_64-zlib-static/include -I/build/prerequisites/x86_64-w64-mingw32-static/include' CPPFLAGS=' -I/build/x86_64-1120-posix-seh-rt_v9-rev1/mingw64/opt/include -I/build/prerequisites/x86_64-zlib-static/include -I/build/prerequisites/x86_64-w64-mingw32-static/include' LDFLAGS='-pipe -fno-ident -L/build/x86_64-1120-posix-seh-rt_v9-rev1/mingw64/opt/lib -L/build/prerequisites/x86_64-zlib-static/lib -L/build/prerequisites/x86_64-w64-mingw32-static/lib ' LD_FOR_TARGET=/build/x86_64-1120-posix-seh-rt_v9-rev1/mingw64/bin/ld.exe

Thread model: posix

Supported LTO compression algorithms: zlib

gcc version 11.2.0 (x86_64-posix-seh-rev1, Built by Guyutongxue) 

COMPILER_PATH=F:/mingw64/bin/../libexec/gcc/x86_64-w64-mingw32/11.2.0/;F:/mingw64/bin/../libexec/gcc/;F:/mingw64/bin/../lib/gcc/x86_64-w64-mingw32/11.2.0/../../../../x86_64-w64-mingw32/bin/
F:/mingw64/bin/
LIBRARY_PATH=C:/mF:/mingw64/bin/ib/gcc/x86_64-w64-mingw32/11.2.0/;F:/mingw64/bin/../lib/gcc/;F:/mingw64/bin/../lib/gcc/x86_64-w64-mingw32/11.2.0/../../../../x86_64-w64-mingw32/lib/../lib/;F:/mingw64/bin/../lib/gcc/x86_64-w64-mingw32/11.2.0/../../../../lib/;F:/mingw64/bin/../lib/gcc/x86_64-w64-mingw32/11.2.0/../../../../x86_64-w64-mingw32/lib/;F:/mingw64/bin/../lib/gcc/x86_64-w64-mingw32/11.2.0/../../../
F:/mingw64/bin/
COLLECT_GCC_OPTIONS='-v' '-o' 'cmTC_e8947.exe' '-mtune=core2' '-march=nocona' '-dumpdir' 'cmTC_e8947.'

 F:/mingw64/bin/../libexec/gcc/x86_64-w64-mingw32/11.2.0/collect2.exe -plugin F:/mingw64/bin/../libexec/gcc/x86_64-w64-mingw32/11.2.0/liblto_plugin.dll -plugin-opt=F:/mingw64/bin/../libexec/gcc/x86_64-w64-mingw32/11.2.0/lto-wrapper.exe -plugin-opt=-fresolution=C:\Users\SINCLA~1\AppData\Local\Temp\ccdnGeUf.res -plugin-opt=-pass-through=-lmingw32 -plugin-opt=-pass-through=-lgcc -plugin-opt=-pass-through=-lgcc_eh -plugin-opt=-pass-through=-lmoldname -plugin-opt=-pass-through=-lmingwex -plugin-opt=-pass-through=-lmsvcrt -plugin-opt=-pass-through=-lkernel32 -plugin-opt=-pass-through=-lpthread -plugin-opt=-pass-through=-ladvapi32 -plugin-opt=-pass-through=-lshell32 -plugin-opt=-pass-through=-luser32 -plugin-opt=-pass-through=-lkernel32 -plugin-opt=-pass-through=-liconv -plugin-opt=-pass-through=-lmingw32 -plugin-opt=-pass-through=-lgcc -plugin-opt=-pass-through=-lgcc_eh -plugin-opt=-pass-through=-lmoldname -plugin-opt=-pass-through=-lmingwex -plugin-opt=-pass-through=-lmsvcrt -plugin-opt=-pass-through=-lkernel32 --sysroot=C:/msys64/build/x86_64-1120-posix-seh-rt_v9-rev1/mingw64 -m i386pep -Bdynamic -o cmTC_e8947.exe F:/mingw64/bin/../lib/gcc/x86_64-w64-mingw32/11.2.0/../../../../x86_64-w64-mingw32/lib/../lib/crt2.o F:/mingw64/bin/../lib/gcc/x86_64-w64-mingw32/11.2.0/crtbegin.o -LF:/mingw64/bin/../lib/gcc/x86_64-w64-mingw32/11.2.0 -LF:/mingw64/bin/../lib/gcc -LF:/mingw64/bin/../lib/gcc/x86_64-w64-mingw32/11.2.0/../../../../x86_64-w64-mingw32/lib/../lib -LF:/mingw64/bin/../lib/gcc/x86_64-w64-mingw32/11.2.0/../../../../lib -LF:/mingw64/bin/../lib/gcc/x86_64-w64-mingw32/11.2.0/../../../../x86_64-w64-mingw32/lib -LF:/mingw64/bin/../lib/gcc/x86_64-w64-mingw32/11.2.0/../../.. --whole-archive CMakeFiles\cmTC_e8947.dir/objects.a --no-whole-archive --out-implib libcmTC_e8947.dll.a --major-image-version 0 --minor-image-version 0 -lmingw32 -lgcc -lgcc_eh -lmoldname -lmingwex -lmsvcrt -lkernel32 -lpthread -ladvapi32 -lshell32 -luser32 -lkernel32 -liconv -lmingw32 -lgcc -lgcc_eh -lmoldname -lmingwex -lmsvcrt -lkernel32 F:/mingw64/bin/../lib/gcc/x86_64-w64-mingw32/11.2.0/crtend.o

COLLECT_GCC_OPTIONS='-v' '-o' 'cmTC_e8947.exe' '-mtune=core2' '-march=nocona' '-dumpdir' 'cmTC_e8947.'

mingw32-make.exe[1]: Leaving directory 'F:/VScode/out/Debug/CMakeFiles/CMakeScratch/TryCompile-4cn3r0'
F:/mingw64/bin/

F:/mingw64/bin/
F:/mingw64/bin/
Parsed C impliciF:/mingw64/bin/nfo from above output: rv=done
  found start of include infoF:/mingw64/bin/
  found start ofF:/mingw64/bin/de info
    add: [C:/minF:/mingw64/bin//gcc/x86_64-w64-mingw32/11.2.0/include]
    add: [C:/minF:/mingw64/bin//gcc/x86_64-w64-mingw32/11.2.0/include-fixed]
    add: [C:/minF:/mingw64/bin//gcc/x86_64-w64-mingw32/11.2.0/../../../../x86_64-w64-mingw32/include]
  end of search F:/mingw64/bin/
  collapse include dir [F:/mingw64/bin/../lib/gcc/x86_64-w64-mingw32/11.2.0/include] ==> [F:/mingw64/lib/gcc/x86_64-w64-mingw32/11.2.0/include]
  collapse include dir [F:/mingw64/bin/../lib/gcc/x86_64-w64-mingw32/11.2.0/include-fixed] ==> [F:/mingw64/lib/gcc/x86_64-w64-mingw32/11.2.0/include-fixed]
  collapse include dir [F:/mingw64/bin/../lib/gcc/x86_64-w64-mingw32/11.2.0/../../../../x86_64-w64-mingw32/include] ==> [F:/mingw64/x86_64-w64-mingw32/include]
  implicit include dirs: [F:/mingw64/lib/gcc/x86_64-w64-mingw32/11.2.0/include;F:/mingw64/lib/gcc/x86_64-w64-mingw32/11.2.0/include-fixed;F:/mingw64/x86_64-w64-mingw32/include]


Parsed C implicit link information from above output:
  link line regex: [^( *|.*[/\])(ld\.exe|CMAKE_LINK_STARTFILE-NOTFOUND|([^/\]+-)?ld|collect2)[^/\]*( |$)]
  ignore line: [Change Dir: F:/VScodF:/mingw64/bin/keFiles/CMakeScratch/TryCompile-4cn3r0]
  ignore line: []
  ignore line: [Run Build Command(s):F:/gytx_x86_64-12.1.0-posix-seh/mingw64/bin/mingw32-make.exe -f Makefile cmTC_e8947/fast && F:/gytx_x86_64-12.1.0-posix-seh/mingw64/bin/mingw32-make.exe  -f CMakeFiles\cmTC_e8947.dir\build.make CMakeFiles/cmTC_e8947.dir/build]
  ignore line: [mingw32-make.exe[1]: Entering directory 'F:/VScode/out/Debug/CMakeFiles/CMakeScratch/TryCompile-4cn3r0']
  ignore line: [Building C object CMakeFiles/cmTC_e8947.dir/CMakeCCompilerABI.c.obj]
  ignore line: [C:\mingw64\bin\gcc.exe   -v -o CMakeFiles\cmTC_e8947.dir\CMakeCCompilerABI.c.obj -c F:\CMake\share\cmake-3.25\Modules\CMakeCCompilerABI.c]
  ignore line: [Using built-inF:/mingw64/bin/
  ignore line: [F:/mingw64/bin/mingw64\bin\gcc.exe]
  ignore line: [F:/mingw64/bin/w64-mingw32]
  ignore line: [Configured wiF:/mingw64/bin/c/gcc-11.2.0/configure --host=x86_64-w64-mingw32 --build=x86_64-w64-mingw32 --target=x86_64-w64-mingw32 --prefix=/mingw64 --with-sysroot=/build/x86_64-1120-posix-seh-rt_v9-rev1/mingw64 --enable-shared --enable-static --disable-multilib --enable-languages=c,c++,lto --enable-libstdcxx-time=yes --enable-threads=posix --enable-libgomp --enable-libatomic --enable-lto --enable-graphite --enable-checking=release --enable-fully-dynamic-string --enable-version-specific-runtime-libs --enable-libstdcxx-filesystem-ts=yes --disable-libstdcxx-pch --disable-libstdcxx-debug --enable-bootstrap --disable-rpath --disable-win32-registry --disable-nls --disable-werror --disable-symvers --with-gnu-as --with-gnu-ld --with-arch=nocona --with-tune=core2 --with-libiconv --with-system-zlib --with-gmp=/build/prerequisites/x86_64-w64-mingw32-static --with-mpfr=/build/prerequisites/x86_64-w64-mingw32-static --with-mpc=/build/prerequisites/x86_64-w64-mingw32-static --with-isl=/build/prerequisites/x86_64-w64-mingw32-static --with-pkgversion='x86_64-posix-seh-rev1, Built by Guyutongxue' --with-bugurl=https://sourceforge.net/projects/mingw-w64 CFLAGS='-O2 -pipe -fno-ident -I/build/x86_64-1120-posix-seh-rt_v9-rev1/mingw64/opt/include -I/build/prerequisites/x86_64-zlib-static/include -I/build/prerequisites/x86_64-w64-mingw32-static/include' CXXFLAGS='-O2 -pipe -fno-ident -I/build/x86_64-1120-posix-seh-rt_v9-rev1/mingw64/opt/include -I/build/prerequisites/x86_64-zlib-static/include -I/build/prerequisites/x86_64-w64-mingw32-static/include' CPPFLAGS=' -I/build/x86_64-1120-posix-seh-rt_v9-rev1/mingw64/opt/include -I/build/prerequisites/x86_64-zlib-static/include -I/build/prerequisites/x86_64-w64-mingw32-static/include' LDFLAGS='-pipe -fno-ident -L/build/x86_64-1120-posix-seh-rt_v9-rev1/mingw64/opt/lib -L/build/prerequisites/x86_64-zlib-static/lib -L/build/prerequisites/x86_64-w64-mingw32-static/lib ' LD_FOR_TARGET=/build/x86_64-1120-posix-seh-rt_v9-rev1/mingw64/bin/ld.exe]
  ignore line: [F:/mingw64/bin/osix]
  ignore line: [F:/mingw64/bin/ompression algorithms: zlib]
  ignore line: [F:/mingw64/bin/2.0 (x86_64-posix-seh-rev1  Built by Guyutongxue) ]
  ignore line: [F:/mingw64/bin/IONS='-v' '-o' 'CMakeFiles\cmTC_e8947.dir\CMakeCCompilerABI.c.obj' '-c' '-mtune=core2' '-march=nocona' '-dumpdir' 'CMakeFiles\cmTC_e8947.dir\']
  ignore line: [F:/mingw64/bin//../libexec/gcc/x86_64-w64-mingw32/11.2.0/cc1.exe -quiet -v -iprefix F:/mingw64/bin/../lib/gcc/x86_64-w64-mingw32/11.2.0/ -D_REENTRANT F:\CMake\share\cmake-3.25\Modules\CMakeCCompilerABI.c -quiet -dumpdir CMakeFiles\cmTC_e8947.dir\ -dumpbase CMakeCCompilerABI.c.c -dumpbase-ext .c -mtune=core2 -march=nocona -version -o C:\Users\SINCLA~1\AppData\Local\Temp\ccN5Wk8Y.s]
  ignore line: [GNU C17 (x86_64-posix-seh-rev1  Built by Guyutongxue) version 11.2.0 (x86_64-w64-mingw32)]
  ignore line: F:/mingw64/bin/NU C version 11.2.0  GMP version 6.2.1  MPFR version 4.1.0  MPF:/mingw64/bin/  isl version isl-0.24-GMP]F:/mingw64/bin/F:/mingw64/bin/F:/mingw64/bin/F:/mingw64/bin/F:/mingw64/bin/F:/mingw64/bin/F:/mingw64/bin/F:/mingw64/bin/F:/mingw64/bin/F:/mingw64/bin/
  ignore F:/mingw64/bin/
  ignore line: [GGC heuristics: --param ggc-min-expand=100 --param ggc-min-heapsize=131072]
  ignore F:/mingw64/bin/ duplicate directory "F:/mingw64/lib/gcc/../../lib/gcc/x86_64-w64-mingw32/11.2.0/include"]
  ignore line: [ignorF:/mingw64/bin/ directory "C:/msys64/build/x86_64-1120-posix-seh-rt_v9-rev1/mingw64C:/msys64/mingw64/lib/gcc/x86_64-w64-mingw32/11.2.0/../../../../include"]
  ignore line: [ignoring duplicate directory "F:/mingw64/lib/gcc/../../lib/gcc/x86_64-w64-mingw32/11.2.0/include-fixed"]
  ignore line: [ignoring duplicate directory "F:/mingw64/lib/gcc/../../lib/gcc/x86_64-w64-mingw32/11.2.0/../../../../x86_64-w64-mingw32/include"]
  ignore line: [ignoring nonexistent directory "C:/msys64/build/x86_64-1120-posix-seh-rt_v9-rev1/mingw64/mingw/include"]
  ignore line: [#include "..." search starts here:]
  ignore line: [#include <...> search starts here:]
  ignore line: [ F:/mingw64/bin/../lib/gcc/x86_64-w64-mingw32/11.2.0/include]
  ignore line: [ F:/mingw64/bin/../lib/gcc/x86_64-w64-mingw32/11.2.0/include-fixed]
  ignore line: [ F:/mingw64/bin/../lib/gcc/x86_64-w64-mingw32/11.2.0/../../../../x86_64-w64-mingw32/include]
  ignore line: [End of search list.]
  ignore line: [GNU C17 (x86_64-posix-seh-rev1  Built by Guyutongxue) version 11.2.0 (x86_64-w64-mingw32)]
  ignore line: [	compiled by GNU C version 11.2.0  GMP version 6.2.1  MPFR version 4.1.0  MPC version 1.2.1  isl version isl-0.24-GMP]
  ignore line: []
  ignore line: [GGC heuristics: --param ggc-min-expand=100 --param ggc-min-heapsize=131072]
  ignore line: [Compiler executable checksum: 75a1210adfd79a978a00ab6447a7ae89]
  ignore line: [COLLECT_GCC_OPTIONS='-v' '-o' 'CMakeFiles\cmTC_e8947.dir\CMakeCCompilerABI.c.obj' '-c' '-mtune=core2' '-march=nocona' '-dumpdir' 'CMakeFiles\cmTC_e8947.dir\']
  ignore line: [ F:/mingw64/bin/../lib/gcc/x86_64-w64-mingw32/11.2.0/../../../../x86_64-w64-mingw32/bin/as.exe -v -o CMakeFiles\cmTC_e8947.dir\CMakeCCompilerABI.c.obj C:\Users\SINCLA~1\AppData\Local\Temp\ccN5Wk8Y.s]
  ignore line: [GNU assembler version 2.37 (x86_64-w64-mingw32) using BFD version (GNU Binutils) 2.37]
  ignore line: [COMPILER_PATH=F:/mingw64/bin/../libexec/gcc/x86_64-w64-mingw32/11.2.0/]
  ignore line: [F:/mingw64/bin/../libexec/gcc/]
  ignore line: [F:/mingw64/bin/../lib/gcc/x86_64-w64-mingw32/11.2.0/../../../../x86_64-w64-mingw32/bin/]
  ignore line: [LIBRARY_PATH=F:/mingw64/bin/../lib/gcc/x86_64-w64-mingw32/11.2.0/]
  ignore line: [F:/mingw64/bin/../lib/gcc/]
  ignore line: [F:/mingw64/bin/../lib/gcc/x86_64-w64-mingw32/11.2.0/../../../../x86_64-w64-mingw32/lib/../lib/]
  ignore line: [F:/mingw64/bin/../lib/gcc/x86_64-w64-mingw32/11.2.0/../../../../lib/]
  ignore line: [F:/mingw64/bin/../lib/gcc/x86_64-w64-mingw32/11.2.0/../../../../x86_64-w64-mingw32/lib/]
  ignore line: [F:/mingw64/bin/../lib/gcc/x86_64-w64-mingw32/11.2.0/../../../]
  ignore line: [COLLECT_GCC_OPTIONS='-v' '-o' 'CMakeFiles\cmTC_e8947.dir\CMakeCCompilerABI.c.obj' '-c' '-mtune=core2' '-march=nocona' '-dumpdir' 'CMakeFiles\cmTC_e8947.dir\CMakeCCompilerABI.c.']
  ignore F:/mingw64/bin/C executable cmTC_e8947.exe]F:/mingw64/bin/
  ignore F:/mingw64/bin/\bin\cmake.exe -E cmake_link_script CMakeFiles\cmTC_e8947.F:/mingw64/bin/verbose=1]
  ignore liF:/mingw64/bin/in\cmake.exe -E rm -f CMakeFiles\cmTC_e8947.dirF:/mingw64/bin/
  ignore liF:/mingw64/bin/\bin\ar.exe qc CMakeFF:/mingw64/bin/.dir/objects.a @CMakeFiles\cmTC_e8947.dir\objects1]
  ignore liF:/mingw64/bin/\bin\gcc.exe  -v -Wl --whole-archive CMakeFiles\cmTC_e8947.dir/objects.a -Wl --no-whole-aF:/mingw64/bin/e8947.exe -Wl --out-implib libcmTC_e8947.dll.a -Wl --major-image-version 0 --minor-image-version 0 ]
  ignore liF:/mingw64/bin/t-in specs.]F:/mingw64/bin/
  ignore liF:/mingw64/bin/C=C:\mingw64\bin\gcc.exe]F:/mingw64/bin/
  ignore liF:/mingw64/bin/O_WRAPPER=F:/mingw64/bin/../libexec/gcc/x86_64-w64-mingwF:/mingw64/bin/rapper.exe]
  ignore line: [Target: x86_64-w64-mingw32]
  ignore line: [Configured with: ../../../src/gcc-11.2.0/configure --host=x86_64-w64-mingw32 --build=x86_64-w64-mingw32 --target=x86_64-w64-mingw32 --prefix=/mingw64 --with-sysroot=/build/x86_64-1120-posix-seh-rt_v9-rev1/mingw64 --enable-shared --enable-static --disable-multilib --enable-languages=c,c++,lto --enable-libstdcxx-time=yes --enable-threads=posix --enable-libgomp --enable-libatomic --enable-lto --enable-graphite --enable-checking=release --enable-fully-dynamic-string --enable-version-specific-runtime-libs --enable-libstdcxx-filesystem-ts=yes --disable-libstdcxx-pch --disable-libstdcxx-debug --enable-bootstrap --disable-rpath --disable-win32-registry --disable-nls --disable-werror --disable-symvers --with-gnu-as --with-gnu-ld --with-arch=nocona --with-tune=core2 --with-libiconv --with-system-zlib --with-gmp=/build/prerequisites/x86_64-w64-mingw32-static --with-mpfr=/build/prerequisites/x86_64-w64-mingw32-static --with-mpc=/build/prerequisites/x86_64-w64-mingw32-static --with-isl=/build/prerequisites/x86_64-w64-mingw32-static --with-pkgversion='x86_64-posix-seh-rev1, Built by Guyutongxue' --with-bugurl=https://sourceforge.net/projects/mingw-w64 CFLAGS='-O2 -pipe -fno-ident -I/build/x86_64-1120-posix-seh-rt_v9-rev1/mingw64/opt/include -I/build/prerequisites/x86_64-zlib-static/include -I/build/prerequisites/x86_64-w64-mingw32-static/include' CXXFLAGS='-O2 -pipe -fno-ident -I/build/x86_64-1120-posix-seh-rt_v9-rev1/mingw64/opt/include -I/build/prerequisites/x86_64-zlib-static/include -I/build/prerequisites/x86_64-w64-mingw32-static/include' CPPFLAGS=' -I/build/x86_64-1120-posix-seh-rt_v9-rev1/mingw64/opt/include -I/build/prerequisites/x86_64-zlib-static/include -I/build/prerequisites/x86_64-w64-mingw32-static/include' LDFLAGS='-pipe -fno-ident -L/build/x86_64-1120-posix-seh-rt_v9-rev1/mingw64/opt/lib -L/build/prerequisites/x86_64-zlib-static/lib -L/build/prerequisites/x86_64-w64-mingw32-static/lib ' LD_FOR_TARGET=/build/x86_64-1120-posix-seh-rt_v9-rev1/mingw64/bin/ld.exe]
  ignore line: [Thread model: posix]
  ignore line: [Supported LTO compression algorithms: zlib]
  ignore line: [gcc version 11.2.0 (x86_64-posix-seh-rev1  Built by Guyutongxue) ]
  ignore line: [COMPILER_PATH=F:/mingw64/bin/../libexec/gcc/x86_64-w64-mingw32/11.2.0/]
  ignore line: [F:/mingw64/bin/../libexec/gcc/]
  ignore line: [F:/mingw64/bin/../lib/gcc/x86_64-w64-mingw32/11.2.0/../../../../x86_64-w64-mingw32/bin/]
  ignore line: [LIBRARY_PATH=F:/mingw64/bin/../lib/gcc/x86_64-w64-mingw32/11.2.0/]
  ignore line: [F:/mingw64/bin/../lib/gcc/]
  ignore line: [F:/mingw64/bin/../lib/gcc/x86_64-w64-mingw32/11.2.0/../../../../x86_64-w64-mingw32/lib/../lib/]
  ignore line: [F:/mingw64/bin/../lib/gcc/x86_64-w64-mingw32/11.2.0/../../../../lib/]
  ignore line: [F:/mingw64/bin/../lib/gcc/x86_64-w64-mingw32/11.2.0/../../../../x86_64-w64-mingw32/lib/]
  ignore line: [F:/mingw64/bin/../lib/gcc/x86_64-w64-mingw32/11.2.0/../../../]
  ignore line: [COLLECT_GCC_OPTIONS='-v' '-o' 'cmTC_e8947.exe' '-mtune=core2' '-march=nocona' '-dumpdir' 'cmTC_e8947.']
  link line: [ F:/mingw64/bin/../libexec/gcc/x86_64-w64-mingw32/11.2.0/collect2.exe -plugin F:/mingw64/bin/../libexec/gcc/x86_64-w64-mingw32/11.2.0/liblto_plugin.dll -plugin-opt=F:/mingw64/bin/../libexec/gcc/x86_64-w64-mingw32/11.2.0/lto-wrapper.exe -plugin-opt=-fresolution=C:\Users\SINCLA~1\AppData\Local\Temp\ccdnGeUf.res -plugin-opt=-pass-through=-lmingw32 -plugin-opt=-pass-through=-lgcc -plugin-opt=-pass-through=-lgcc_eh -plugin-opt=-pass-through=-lmoldname -plugin-opt=-pass-through=-lmingwex -plugin-opt=-pass-through=-lmsvcrt -plugin-opt=-pass-through=-lkernel32 -plugin-opt=-pass-through=-lpthread -plugin-opt=-pass-through=-ladvapi32 -plugin-opt=-pass-through=-lshell32 -plugin-opt=-pass-through=-luser32 -plugin-opt=-pass-through=-lkernel32 -plugin-opt=-pass-through=-liconv -plugin-opt=-pass-through=-lmingw32 -plugin-opt=-pass-through=-lgcc -plugin-opt=-pass-through=-lgcc_eh -plugin-opt=-pass-through=-lmoldname -plugin-opt=-pass-through=-lmingwex -plugin-opt=-pass-through=-lmsvcrt -plugin-opt=-pass-through=-lkernel32 --sysroot=C:/msys64/build/x86_64-1120-posix-seh-rt_v9-rev1/mingw64 -m i386pep -Bdynamic -o cmTC_e8947.exe F:/mingw64/bin/../lib/gcc/x86_64-w64-mingw32/11.2.0/../../../../x86_64-w64-mingw32/lib/../lib/crt2.o F:/mingw64/bin/../lib/gcc/x86_64-w64-mingw32/11.2.0/crtbegin.o -LF:/mingw64/bin/../lib/gcc/x86_64-w64-mingw32/11.2.0 -LF:/mingw64/bin/../lib/gcc -LF:/mingw64/bin/../lib/gcc/x86_64-w64-mingw32/11.2.0/../../../../x86_64-w64-mingw32/lib/../lib -LF:/mingw64/bin/../lib/gcc/x86_64-w64-mingw32/11.2.0/../../../../lib -LF:/mingw64/bin/../lib/gcc/x86_64-w64-mingw32/11.2.0/../../../../x86_64-w64-mingw32/lib -LF:/mingw64/bin/../lib/gcc/x86_64-w64-mingw32/11.2.0/../../.. --whole-archive CMakeFiles\cmTC_e8947.dir/objects.a --no-whole-archive --out-implib libcmTC_e8947.dll.a --major-image-version 0 --minor-image-version 0 -lmingw32 -lgcc -lgcc_eh -lmoldname -lmingwex -lmsvcrt -lkernel32 -lpthread -ladvapi32 -lshell32 -luser32 -lkernel32 -liconv -lmingw32 -lgcc -lgcc_eh -lmoldname -lmingwex -lmsvcrt -lkernel32 F:/mingw64/bin/../lib/gcc/x86_64-w64-mingw32/11.2.0/crtend.o]
    arg [F:/mingw64/bin/../libexec/gcc/x86_64-w64-mingw32/11.2.0/collect2.exe] ==> ignore
    arg [-plugin] ==> ignore
    arg [F:/mingw64/bin/../libexec/gcc/x86_64-w64-mingw32/11.2.0/liblto_plugin.dll] ==> ignore
    arg [-plugin-opt=F:/mingw64/bin/../libexec/gcc/x86_64-w64-mingw32/11.2.0/lto-wrapper.exe] ==> ignore
    arg [-plugin-opt=-fresolution=C:\Users\SINCLA~1\AppData\Local\Temp\ccdnGeUf.res] ==> ignore
    arg [-plugin-opt=-pass-through=-lmingw32] ==> ignore
    arg [-plugin-opt=-pass-through=-lgcc] ==> ignore
    arg [-plugin-opt=-pass-through=-lgcc_eh] ==> ignore
    arg [-plugin-opt=-pass-through=-lmoldname] ==> ignore
    arg [-plugin-opt=-pass-through=-lmingwex] ==> ignore
    arg [-plugin-opt=-pass-through=-lmsvcrt] ==> ignore
    arg [-plugin-opt=-pass-through=-lkernel32] ==> ignore
    arg [-plugin-opt=-pass-through=-lpthread] ==> ignore
    arg [F:/mingw64/bin/ss-through=-ladvapi32] ==> ignoreF:/mingw64/bin/
    arg [-plugin-opt=-pass-through=-lshell32] ==> ignore
    arg [-plugin-opt=-pass-through=-luser32] ==> ignore
    arg [-plugin-opt=-pass-through=-lkernel32] ==> ignore
    arg [-plugin-opt=-pass-through=-liconv] ==> ignore
    arg [-pluginF:/mingw64/bin/ugh=-lmingw32] ==> ignore
    arg [-pluginF:/mingw64/bin/ugh=-lgcc] ==> ignore
    arg [-pluginF:/mingw64/bin/ugh=-lgcc_eh] ==> ignore
    arg [-plugin-opt=-paF:/mingw64/bin/ldname] ==> ignore
    arg [-plugin-opt=-paF:/mingw64/bin/ngwex] ==> ignore
    arg [-plugin-opt=-paF:/mingw64/bin/vcrt] ==> ignore
    arg [-plugin-opt=-paF:/mingw64/bin/rnel32] ==> ignore
    arg [--sysroot=C:/msF:/mingw64/bin/64-1120-posix-seh-rt_v9-rev1/mingw64] ==> ignore
    arg [-m] ==> ignoreF:/mingw64/bin/
    arg [i386pep] ==> ignore
    arg [-Bdynamic] ==> search dynamic
    arg [-o] ==> ignore
    arg [cmTC_e8947.exe] ==> ignore
    arg [F:/mingw64/bin/../lib/gcc/x86_64-w64-mingw32/11.2.0/../../../../x86_64-w64-mingw32/lib/../lib/crt2.o] ==> obj [F:/mingw64/bin/../lib/gcc/x86_64-w64-mingw32/11.2.0/../../../../x86_64-w64-mingw32/lib/../lib/crt2.o]
    arg [F:/mingw64/bin/../lib/gcc/x86_64-w64-mingw32/11.2.0/crtbegin.o] ==> obj [F:/mingw64/bin/../lib/gcc/x86_64-w64-mingw32/11.2.0/crtbegin.o]
    arg [-LF:/mingw64/bin/../lib/gcc/x86_64-w64-mingw32/11.2.0] ==> dir [F:/mingw64/bin/../lib/gcc/x86_64-w64-mingw32/11.2.0]
    arg [-LF:/mingw64/bin/../lib/gcc] ==> dir [F:/mingw64/bin/../lib/gcc]
    arg [-LF:/mingw64/bin/../lib/gcc/x86_64-w64-mingw32/11.2.0/../../../../x86_64-w64-mingw32/lib/../lib] ==> dir [F:/mingw64/bin/../lib/gcc/x86_64-w64-mingw32/11.2.0/../../../../x86_64-w64-mingw32/lib/../lib]
    arg [-LF:/mingw64/bin/../lib/gcc/x86_64-w64-mingw32/11.2.0/../../../../lib] ==> dir [F:/mingw64/bin/../lib/gcc/x86_64-w64-mingw32/11.2.0/../../../../lib]
    arg [-LF:/mingw64/bin/../lib/gcc/x86_64-w64-mingw32/11.2.0/../../../../x86_64-w64-mingw32/lib] ==> dir [F:/mingw64/bin/../lib/gcc/x86_64-w64-mingw32/11.2.0/../../../../x86_64-w64-mingw32/lib]
    arg [-LF:/mingw64/bin/../lib/gcc/x86_64-w64-mingw32/11.2.0/../../..] ==> dir [F:/mingw64/bin/../lib/gcc/x86_64-w64-mingw32/11.2.0/../../..]
    arg [--whole-archive] ==> ignore
    arg [CMakeFiles\cmTC_e8947.dir/objects.a] ==> ignore
    arg [--no-whole-archive] ==> ignore
    arg [--out-implib] ==> ignore
    arg [libcmTC_e8947.dll.a] ==> ignore
    arg [--major-image-version] ==> ignore
    arg [0] ==> ignore
    arg [--minor-image-version] ==> ignore
    arg [0] ==> ignore
 F:/mingw64/bin/32] ==> lib [mingw32]F:/mingw64/bin/
    arg [-lgcc] ==> lib [gcc]
    arg [-lgcc_eh] ==> lib [gcc_eh]
    arg [-lmoldname] ==> lib [moldname]
    arg [-lmingwex] ==> lib [mingwex]
    arg [-lmsvcrt] ==> lib [msvcrt]
    arg [-lkernel32] ==> lib [kernel32]
    arg [-lpthread] ==> lib [pthread]
    arg [-ladvapi32] ==> lib [advapi32]
    arg [-lshell32] ==> lib [shell32]
    arg [-luser32] ==> lib [user32]
    arg [-lkernel32] ==> lib [kernel32]
    arg [-liconv] ==> lib [iconv]
    arg [-lmingw32] ==> lib [mingw32]
    arg [-lgcc] ==> lib [gcc]
 F:/mingw64/bin/h] ==> lib [gcc_eh]
 F:/mingw64/bin/ame] ==> lib [moldname]
 F:/mingw64/bin/ex] ==> lib [mingwex]
 F:/mingw64/bin/t] ==> lib [msvcrt]
 F:/mingw64/bin/l32] ==> lib [kernel32]
 F:/mingw64/bin/w64/bin/../lib/gcc/x86_64-w64-mingw32/11.2.0/crtend.o] ==> obj [F:/mingw64/bin/../lib/gcc/x86_64-w64-mingw32/11.2.0/crtend.o]
  remove lib [gcc_eh]
  remove lib [msvcrt]
  remove lib [gcc_eh]
  remove lib [msvcrt]
  collapse obj [F:/mingw64/bin/../lib/gcc/x86_64-w64-mingw32/11.2.0/../../../../x86_64-w64-mingw32/lib/../lib/crt2.o] ==> [F:/mingw64/x86_64-w64-mingw32/lib/crt2.o]
  collapse obj [F:/mingw64/bin/../lib/gcc/x86_64-w64-mingw32/11.2.0/crtbegin.o] ==> [F:/mingw64/lib/gcc/x86_64-w64-mingw32/11.2.0/crtbegin.o]
  collapse obj [F:/mingw64/bin/../lib/gcc/x86_64-w64-mingw32/11.2.0/crtend.o] ==> [F:/mingw64/lib/gcc/x86_64-w64-mingw32/11.2.0/crtend.o]
 F:/mingw64/bin/ry dir [F:/mingw64/bin/../lib/gcc/x86_64-w64-mingw32/11.2.0] ==> [F:/mingw64/lib/gcc/x86_64-w64-mingw32/11.2.0]
  collapse library dir [F:/mingw64/bin/../lib/gcc] ==> [F:/mingw64/lib/gcc]
  collapse libF:/mingw64/bin/ngw64/bin/../lib/gcc/x86_64-w64-mingw32/11F:/mingw64/bin/./x86_64-w64-minF:/mingw64/bin/] ==> [F:/mingw64/x86_64-w64-mingw32/lib]
  collapse liF:/mingw64/bin/ingw64/bin/../lib/gcc/x86_64-w64-mingwF:/mingw64/bin//../../lib] F:/mingw64/bin//lib]F:/mingw64/bin/F:/mingw64/bin/F:/mingw64/bin/
  collapse library dir [F:/mingw64/bin/../lib/gcc/x86_64-w64-mingw32/11.2.0/../../../../x86_64-w64-mingw32/lib] ==> [F:/mingw64/x86_64-w64-mingw32/lib]
  collapse library dir [F:/mingw64/bin/../lib/gcc/x86_64-w64-mingw32/11.2.0/../../..] ==> [F:/mingw64/lib]
  implicit libs: [mingw32;gcc;moldname;mingwex;kernel32;pthread;advapi32;shell32;user32;kernel32;iconv;mingw32;gcc;moldname;mingwex;kernel32]
  implicit objs: [F:/mingw64/x86_64-w64-mingw32/lib/crt2.o;F:/mingw64/lib/gcc/x86_64-w64-mingw32/11.2.0/crtbegin.o;F:/mingw64/lib/gcc/x86_64-w64-mingw32/11.2.0/crtend.o]
  implicit dirs: [F:/mingw64/lib/gcc/x86_64-w64-mingw32/11.2.0;F:/mingw64/lib/gcc;F:/mingw64/x86_64-w64-mingw32/lib;F:/mingw64/lib]
  implicit fwks: []


Detecting CXX compilF:/mingw64/bin/piled with the following output:
Change Dir: F:/VScode/out/Debug/CMakeFiles/CMakeScratch/TryCompile-fdwvey

Run Build Command(s):F:/gytx_x86_64-12.1.0-posix-seh/mingw64/bin/mingw32-make.exe -f Makefile cmTC_5efd7/fast && F:/gytx_x86_64-12.1.0-posix-seh/mingw64/bin/mingw32-make.exe  -f CMakeFiles\cmTC_5efd7.dir\build.make CMakeFiles/cmTC_5efd7.dir/build

mingw32-make.exe[1]: Entering directory 'F:/VScode/out/Debug/CMakeFiles/CMakeScratch/TryCompile-fdwvey'
F:/mingw64/bin/F:/mingw64/bin/F:/mingw64/bin/
Building CXX F:/mingw64/bin/es/cmTC_5efd7.dir/CMakeCXXCompilerABI.F:/mingw64/bin/F:/mingw64/bin/F:/mingw64/bin/F:/mingw64/bin/F:/mingw64/bin/

CF:/mingw64/bin/++.exe   -v -o CMakeFiles\cmTC_5efd7.dir\CMakeCXXCompilerABI.cF:/mingw64/bin/ake\share\cmake-3.25\Modules\CMakeCXXCompilerABI.cppF:/mingw64/bin/F:/mingw64/bin/F:/mingw64/bin/F:/mingw64/bin/F:/mingw64/bin/F:/mingw64/bin/F:/mingw64/bin/F:/mingw64/bin/F:/mingw64/bin/F:/mingw64/bin/

Using built-in specs.

COLLECT_GCC=C:\mingw64\bin\g++.exe

Target: x86_64-w64-mingw32

Configured with: ../../../src/gcc-11.2.0/configure --host=x86_64-w64-mingw32 --build=x86_64-w64-mingw32 --target=x86_64-w64-mingw32 --prefix=/mingw64 --with-sysroot=/build/x86_64-1120-posix-seh-rt_v9-rev1/mingw64 --enable-shared --enable-static --disable-multilib --enable-languages=c,c++,lto --enable-libstdcxx-time=yes --enable-threads=posix --enable-libgomp --enable-libatomic --enable-lto --enable-graphite --enable-checking=release --enable-fully-dynamic-string --enable-version-specific-runtime-libs --enable-libstdcxx-filesystem-ts=yes --disable-libstdcxx-pch --disable-libstdcxx-debug --enable-bootstrap --disable-rpath --disable-win32-registry --disable-nls --disable-werror --disable-symvers --with-gnu-as --with-gnu-ld --with-arch=nocona --with-tune=core2 --with-libiconv --with-system-zlib --with-gmp=/build/prerequisites/x86_64-w64-mingw32-static --with-mpfr=/build/prerequisites/x86_64-w64-mingw32-static --with-mpc=/build/prerequisites/x86_64-w64-mingw32-static --with-isl=/build/prerequisites/x86_64-w64-mingw32-static --with-pkgversion='x86_64-posix-seh-rev1, Built by Guyutongxue' --with-bugurl=https://sourceforge.net/projects/mingw-w64 CFLAGS='-O2 -pipe -fno-ident -I/build/x86_64-1120-posix-seh-rt_v9-rev1/mingw64/opt/include -I/build/prerequisites/x86_64-zlib-static/include -I/build/prerequisites/x86_64-w64-mingw32-static/include' CXXFLAGS='-O2 -pipe -fno-ident -I/build/x86_64-1120-posix-seh-rt_v9-rev1/mingw64/opt/include -I/build/prerequisites/x86_64-zlib-static/include -I/build/prerequisites/x86_64-w64-mingw32-static/include' CPPFLAGS=' -I/build/x86_64-1120-posix-seh-rt_v9-rev1/mingw64/opt/include -I/build/prerequisites/x86_64-zlib-static/include -I/build/prerequisites/x86_64-w64-mingw32-static/include' LDFLAGS='-pipe -fno-ident -L/build/x86_64-1120-posix-seh-rt_v9-rev1/mingw64/opt/lib -L/build/prerequisites/x86_64-zlib-static/lib -L/build/prerequisites/x86_64-w64-mingw32-static/lib ' LD_FOR_TARGET=/build/x86_64-1120-posix-seh-rt_v9-rev1/mingw64/bin/ld.exe
F:/mingw64/bin/
Thread modF:/mingw64/bin/
F:/mingw64/bin/
Supported F:/mingw64/bin/ algorithms: zlib
F:/mingw64/bin/
gcc versioF:/mingw64/bin/4-posix-seh-rev1, Built by Guyutongxue) 

COLLECT_GCC_OPTIONS='-v'F:/mingw64/bin/es\cmTC_5efd7.dir\CMakeCXXCompilerABI.cpp.obj' '-c' '-shared-libgcc' '-mtune=core2' '-march=nocona' '-dumpdir' 'CMakeFiles\cmTC_5efd7.dir\'
F:/mingw64/bin/
 F:/mingw64/bin/../libexF:/mingw64/bin/64-mingw32/11.2.0/cc1plus.exe -quiet -v -iprefix F:/mingw64/bin/../lib/gcc/x86_64-w64-mingw32/11.2.0/ -D_REENTRANT F:\CMake\share\cmake-3.25\Modules\CMakeCXXCompilerABI.cpp -quiet -dumpdir CMakeFiles\cmTC_5efd7.dir\ -dumpbase CMakeCXXCompilerABI.cpp.cpp -dumpbase-ext .cpp -mtune=core2 -march=nocona -version -o C:\Users\SINCLA~1\AppData\Local\Temp\ccooAswn.s
F:/mingw64/bin/
GNU C++17 (x86_64-posix-F:/mingw64/bin/ by Guyutongxue) version 11.2.0 (x86_64-w64-mingw32)
F:/mingw64/bin/
	compiled by GNU C version 11.2.0, GMP version 6.2.1, MPFR version 4.1.0, MPC version 1.2.1, isl version isl-0.24-GMP



GGC heuristics: --param ggc-min-expand=100 --param ggc-min-heapsize=131072

ignoring duplicate directory "F:/mingw64/lib/gcc/../../lib/gcc/x86_64-w64-mingw32/11.2.0/include/c++"

ignoring duplicate directory "F:/mingw64/lib/gcc/../../lib/gcc/x86_64-w64-mingw32/11.2.0/include/c++/x86_64-w64-mingw32"

ignoring duplicate directory "F:/mingw64/lib/gcc/../../lib/gcc/x86_64-w64-mingw32/11.2.0/include/c++/backward"

ignoring duplicate directory "F:/mingw64/lib/gcc/../../lib/gcc/x86_64-w64-mingw32/11.2.0/include"

ignoring nonexistent directory "C:/msys64/build/x86_64-1120-posix-seh-rt_v9-rev1/mingw64C:/msys64/mingw64/lib/gcc/x86_64-w64-mingw32/11.2.0/../../../../include"

ignoring duplicate directory "F:/mingw64/lib/gcc/../../lib/gcc/x86_64-w64-mingw32/11.2.0/include-fixed"

ignoring duplicate directory "F:/mingw64/lib/gcc/../../lib/gcc/x86_64-w64-mingw32/11.2.0/../../../../x86_64-w64-mingw32/include"
F:/mingw64/bin/F:/mingw64/bin/
ignoring nonexistent directory "C:/msys64/build/x86_64-1120-posix-seh-rt_v9-rev1/mingw64/mingw/include"

#include "..." search starts here:

#include <...> search starts here:

 F:/mingw64/bin/../lib/gcc/x86_64-w64-mingw32/11.2.0/include/c++

 F:/mingw64/bin/../lib/gcc/x86_64-w64-mingw32/11.2.0/include/c++/x86_64-w64-mingw32

 F:/mingw64/bin/../lib/gcc/x86_64-w64-mingw32/11.2.0/include/c++/backward

 F:/mingw64/bin/../lib/gcc/x86_64-w64-mingw32/11.2.0/include

 F:/mingw64/bin/.F:/mingw64/bin/4-w64-mingw32/11.2.0/include-fixed
F:/mingw64/bin/
 F:/mingw64/bin/.F:/mingw64/bin/4-w64-mingw32/11.2.0/../../../../x86_64-w64-mingw32/include
F:/mingw64/bin/
End of search lisF:/mingw64/bin/
F:/mingw64/bin/
GNU C++17 (x86_64-posix-seh-rev1, Built by Guyutongxue) version 11.2.0 (x86_64-w64-mingw32)

	compiled by GNU C version 11.2.0, GMP version 6.2.1, MPFR version 4.1.0, MPC version 1.2.1, isl version isl-0.24-GMP



GGC heuristics: --param ggc-min-expand=100 --param ggc-min-heapsize=131072
F:/mingw64/bin/
Compiler executable checksum: f91fb39abcdd430f3c52ca6c59ea5f0b
F:/mingw64/bin/
COLLECT_GCC_OPTIF:/mingw64/bin/CMakeFiles\cmTC_5efd7.dir\CMakeCXXCompilerABI.cpp.obj' '-c' '-shared-libgcc' '-mtune=core2' '-march=nocona' '-dumpdir' 'CMakeFiles\cmTC_5efd7.dir\'
F:/mingw64/bin/
 F:/mingw64/bin/../lib/gcc/x8F:/mingw64/bin/2/11.2.0/../../../../x86_64-w64-mingw32/bin/as.exe -v -o CMakeFiles\cmTC_5efd7.dir\CMakeCXXCompilerABI.cpp.obj C:\Users\SINCLA~1\AppData\Local\Temp\ccooAswn.s
F:/mingw64/bin/
GNU assembler veF:/mingw64/bin/_64-w64-mingw32) using BFD version (GNU Binutils) 2.37
F:/mingw64/bin/
COMPILER_PATH=C:F:/mingw64/bin//libexec/gcc/x86_64-w64-mingw32/11.2.0/;F:/mingw64/bin/../libexec/gcc/;F:/mingw64/bin/../lib/gcc/x86_64-w64-mingw32/11.2.0/../../../../x86_64-w64-mingw32/bin/
F:/mingw64/bin/
LIBRARY_PATH=F:/mingw64/bin/../lib/gcc/x86_64-w64-mingw32/11.2.0/;F:/mingw64/bin/../lib/gcc/;F:/mingw64/bin/../lib/gcc/x86_64-w64-mingw32/11.2.0/../../../../x86_64-w64-mingw32/lib/../lib/;F:/mingw64/bin/../lib/gcc/x86_64-w64-mingw32/11.2.0/../../../../lib/;F:/mingw64/bin/../lib/gcc/x86_64-w64-mingw32/11.2.0/../../../../x86_64-w64-mingw32/lib/;F:/mingw64/bin/../lib/gcc/x86_64-w64-mingw32/11.2.0/../../../

COLLECT_GCC_OPTIONS='-v' '-o' 'CMakeFiles\cmTC_5efd7.dir\CMakeCXXCompilerABI.cpp.obj' '-c' '-shared-libgcc' '-mtune=core2' '-march=nocona' '-dumpdir' 'CMakeFiles\cmTC_5efd7.dir\CMakeCXXCompilerABI.cpp.'

Linking CXX executable cmTC_5efd7.exe

F:\CMake\bin\cmake.exe -E cmake_link_script CMakeFiles\cmTC_5efd7.dir\link.txt --verbose=1

F:\CMake\bin\cmake.exe -E rm -f CMakF:/mingw64/bin/d7.dir/objects.a
C:\mingw64\bin\ar.exe qc CMakeFiles\cmTC_5efd7.dir/objects.a @CMakeFiles\cmTC_5efd7.dir\objects1
C:\mingw64\bin\g++.exe  -v -Wl,--whole-archive CMakeFiles\cmTC_5efd7.dir/objects.a -Wl,--no-whole-archive -o cmTC_5efd7.exe -Wl,--out-implib,libcmTC_5efd7.dll.a -Wl,--major-image-version,0,--minor-image-version,0 
Using built-in specs.

COLLECT_GCC=C:\mingw64\bin\g++.exe
F:/mingw64/bin/
COLLECT_LTO_WRAPF:/mingw64/bin/bin/../libexec/gcc/x86_64-w64-mingw32/11.2.0/lto-wrapper.exe
F:/mingw64/bin/
Target: x86_64-w64-mingw32F:/mingw64/bin/
F:/mingw64/bin/
Configured with:F:/mingw64/bin/cc-11.2.0/configure --host=x86_64-w64-mingw32 --build=x86_64-w64-mingw32 --target=x86_64-w64-mingw32 --prefix=/mingw64 --with-sysroot=/build/x86_64-1120-posix-seh-rt_v9-rev1/mingw64 --enable-shared --enable-static --disable-multilib --enable-languages=c,c++,lto --enable-libstdcxx-time=yes --enable-threads=posix --enable-libgomp --enable-libatomic --enable-lto --enable-graphite --enable-checking=release --enable-fully-dynamic-string --enable-version-specific-runtime-libs --enable-libstdcxx-filesystem-ts=yes --disable-libstdcxx-pch --disable-libstdcxx-debug --enable-bootstrap --disable-rpath --disable-win32-registry --disable-nls --disable-werror --disable-symvers --with-gnu-as --with-gnu-ld --with-arch=nocona --with-tune=core2 --with-libiconv --with-system-zlib --with-gmp=/build/prerequisites/x86_64-w64-mingw32-static --with-mpfr=/build/prerequisites/x86_64-w64-mingw32-static --with-mpc=/build/prerequisites/x86_64-w64-mingw32-static --with-isl=/build/prerequisites/x86_64-w64-mingw32-static --with-pkgversion='x86_64-posix-seh-rev1, Built by Guyutongxue' --with-bugurl=https://sourceforge.net/projects/mingw-w64 CFLAGS='-O2 -pipe -fno-ident -I/build/x86_64-1120-posix-seh-rt_v9-rev1/mingw64/opt/include -I/build/prerequisites/x86_64-zlib-static/include -I/build/prerequisites/x86_64-w64-mingw32-static/include' CXXFLAGS='-O2 -pipe -fno-ident -I/build/x86_64-1120-posix-seh-rt_v9-rev1/mingw64/opt/include -I/build/prerequisites/x86_64-zlib-static/include -I/build/prerequisites/x86_64-w64-mingw32-static/include' CPPFLAGS=' -I/build/x86_64-1120-posix-seh-rt_v9-rev1/mingw64/opt/include -I/build/prerequisites/x86_64-zlib-static/include -I/build/prerequisites/x86_64-w64-mingw32-static/include' LDFLAGS='-pipe -fno-ident -L/build/x86_64-1120-posix-seh-rt_v9-rev1/mingw64/opt/lib -L/build/prerequisites/x86_64-zlib-static/lib -L/build/prerequisites/x86_64-w64-mingw32-static/lib ' LD_FOR_TARGET=/build/x86_64-1120-posix-seh-rt_v9-rev1/mingw64/bin/ld.exe
F:/mingw64/bin/
Thread model: poF:/mingw64/bin/
F:/mingw64/bin/
Supported LTO compression algorithms: zlib
F:/mingw64/bin/F:/mingw64/bin/F:/mingw64/bin/F:/mingw64/bin/F:/mingw64/bin/F:/mingw64/bin/F:/mingw64/bin/F:/mingw64/bin/F:/mingw64/bin/F:/mingw64/bin/F:/mingw64/bin/F:/mingw64/bin/
gcc versiF:/mingw64/bin/64-posix-seh-rev1, Built by Guyutongxue) 

COMPILER_F:/mingw64/bin//bin/../libexec/gcc/x86_64-w64-mingw32/11.2.0/;F:/mingw64/bin/../libexec/gcc/;F:/mingw64/bin/../lib/gcc/x86_64-w64-mingw32/11.2.0/../../../../x86_64-w64-mingw32/bin/
F:/mingw64/bin/
LIBRARY_PATH=F:/mingw64/bin/../lib/gcc/x86_64-w64-mingw32/11.2.0/;F:/mingw64/bin/../lib/gcc/;F:/mingw64/bin/../lib/gcc/x86_64-w64-mingw32/11.2.0/../../../../x86_64-w64-mingw32/lib/../lib/;F:/mingw64/bin/../lib/gcc/x86_64-w64-mingw32/11.2.0/../../../../lib/;F:/mingw64/bin/../lib/gcc/x86_64-w64-mingw32/11.2.0/../../../../x86_64-w64-mingw32/lib/;F:/mingw64/bin/../lib/gcc/x86_64-w64-mingw32/11.2.0/../../../

COLLECT_GCC_OPTIONS='-v' '-o' 'cmTC_5efd7.exe' '-shared-libgcc' '-mtune=core2' '-march=nocona' '-dumpdir' 'cmTC_5efd7.'

 F:/mingw64/bin/../libexec/gcc/x86_64-w64-mingw32/11.2.0/collect2.exe -plugin F:/mingw64/bin/../libexec/gcc/x86_64-w64-mingw32/11.2.0/liblto_plugin.dll -plugin-opt=F:/mingw64/bin/../libexec/gcc/x86_64-w64-mingw32/11.2.0/lto-wrapper.exe -plugin-opt=-fresolution=C:\Users\SINCLA~1\AppData\Local\Temp\cc4pLruA.res -plugin-opt=-pass-through=-lmingw32 -plugin-opt=-pass-through=-lgcc_s -plugin-opt=-pass-through=-lgcc -plugin-opt=-pass-through=-lmoldname -plugin-opt=-pass-through=-lmingwex -plugin-opt=-pass-through=-lmsvcrt -plugin-opt=-pass-through=-lkernel32 -plugin-opt=-pass-through=-lpthread -plugin-opt=-pass-through=-ladvapi32 -plugin-opt=-pass-through=-lshell32 -plugin-opt=-pass-through=-luser32 -plugin-opt=-pass-through=-lkernel32 -plugin-opt=-pass-through=-liconv -plugin-opt=-pass-through=-lmingw32 -plugin-opt=-pass-through=-lgcc_s -plugin-opt=-pass-through=-lgcc -plugin-opt=-pass-through=-lmoldname -plugin-opt=-pass-through=-lmingwex -plugin-opt=-pass-through=-lmsvcrt -plugin-opt=-pass-through=-lkernel32 --sysroot=C:/msys64/build/x86_64-1120-posix-seh-rt_v9-rev1/mingw64 -m i386pep -Bdynamic -o cmTC_5efd7.exe F:/mingw64/bin/../lib/gcc/x86_64-w64-mingw32/11.2.0/../../../../x86_64-w64-mingw32/lib/../lib/crt2.o F:/mingw64/bin/../lib/gcc/x86_64-w64-mingw32/11.2.0/crtbegin.o -LF:/mingw64/bin/../lib/gcc/x86_64-w64-mingw32/11.2.0 -LF:/mingw64/bin/../lib/gcc -LF:/mingw64/bin/../lib/gcc/x86_64-w64-mingw32/11.2.0/../../../../x86_64-w64-mingw32/lib/../lib -LF:/mingw64/bin/../lib/gcc/x86_64-w64-mingw32/11.2.0/../../../../lib -LF:/mingw64/bin/../lib/gcc/x86_64-w64-mingw32/11.2.0/../../../../x86_64-w64-mingw32/lib -LF:/mingw64/bin/../lib/gcc/x86_64-w64-mingw32/11.2.0/../../.. --whole-archive CMakeFiles\cmTC_5efd7.dir/objects.a --no-whole-archive --out-implib libcmTC_5efd7.dll.a --major-image-version 0 --minor-image-version 0 -lstdc++ -lmingw32 -lgcc_s -lgcc -lmoldname -lmingwex -lmsvcrt -lkernel32 -lpthread -ladvapi32 -lshell32 -luser32 -lkernel32 -liconv -lmingw32 -lgcc_s -lgcc -lmoldname -lmingwex -lmsvcrt -lkernel32 F:/mingw64/bin/../lib/gcc/x86_64-w64-mingw32/11.2.0/crtend.o

COLLECT_GCC_OPTIONS='-v' '-o' 'cmTC_5efd7.exe' '-shared-libgcc' '-mtune=core2' '-march=nocona' '-dumpdir' 'cmTC_5efd7.'

mingw32-make.exe[1]: Leaving directory 'F:/VScode/out/Debug/CMakeFiles/CMakeScratch/TryCompile-fdwvey'




Parsed CXX implicit include dir info from above output: rv=done
  found start of include info
  found start of implicit include info
    add: [F:/mingw64/bin/../lib/gcc/x86_64-w64-mingw32/11.2.0/include/c++]
    add: [F:/mingw64/bin/../lib/gcc/x86_64-w64-mingw32/11.2.0/include/c++/x86_64-w64-mingw32]
    add: [F:/mingw64/bin/../lib/gcc/x86_64-w64-mingw32/11.2.0/include/c++/backward]
    add: [F:/mingw64/bin/../lib/gcc/x86_64-w64-mingw32/11.2.0/include]
    add: [F:/mingw64/bin/../lib/gcc/x86_64-w64-mingw32/11.2.0/include-fixed]
    add: [F:/mingw64/bin/../lib/gcc/x86_64-w64-mingw32/11.2.0/../../../../x86_64-w64-mingw32/include]
  end of search list found
  collapse include dir [F:/mingw64/bin/../lib/gcc/x86_64-w64-mingw32/11.2.0/include/c++] ==> [F:/mingw64/lib/gcc/x86_64-w64-mingw32/11.2.0/include/c++]
  collapse include dir [F:/mingw64/bin/../lib/gcc/x86_64-w64-mingw32/11.2.0/include/c++/x86_64-w64-mingw32] ==> [F:/mingw64/lib/gcc/x86_64-w64-mingw32/11.2.0/include/c++/x86_64-w64-mingw32]
  collapse include dir [F:/mingw64/bin/../lib/gcc/x86_64-w64-mingw32/11.2.0/include/c++/backward] ==> [F:/mingw64/lib/gcc/x86_64-w64-mingw32/11.2.0/include/c++/backward]
  collapse include dir [F:/mingw64/bin/../lib/gcc/x86_64-w64-mingw32/11.2.0/include] ==> [F:/mingw64/lib/gcc/x86_64-w64-mingw32/11.2.0/include]
  collapsF:/mingw64/bin/F:/mingw64/bin/../lib/gcc/x86_64-w64-mingw32/11.2.0/include-fixed] ==> [F:/mingw64/lib/gcc/x86_6F:/mingw64/bin/1.2.0/include-fixed]
  collapsF:/mingw64/bin/F:/mingw64/bin/../lib/gcc/x86_64-w64-mingw32/11.2.0/../../F:/mingw64/bin/4-mingw32/include] ==> [F:/mingw64/x86_64-w64-mingw32/include]
  implicit F:/mingw64/bin/F:/mingw64/lib/gcc/x86_64-w64-mingw32/11.2.0/inF:/mingw64/bin/ngw64/lib/gcc/x86_64-w64-mingw32/11.2.0/include/c++/x86_64-w64-mingw32;F:/mingw64/lib/gcc/x86_64-w64-mingw32/11.2.0/include/c++/backward;F:/mingw64/lib/gcc/x86_64-w64-mingw32/11.2.0/include;F:/mingw64/lib/gcc/x86_64-w64-mingw32/11.2.0/include-fixed;F:/mingw64/x86_64-w64-mingw32/include]
F:/mingw64/bin/F:/mingw64/bin/
F:/mingw64/bin/F:/mingw64/bin/
Parsed CXX F:/mingw64/bin/nformation from above output:F:/mingw64/bin/
  link lineF:/mingw64/bin/*[/\])(ld\.exe|CMAKE_LINK_STARTFILE-NOTFOUND|([^/\]+-)?ld|collect2)[^/\]*( |$)]F:/mingw64/bin/
  ignore liF:/mingw64/bin/: F:/VScode/out/Debug/CMakeFiles/CMakeScratch/TryCompileF:/mingw64/bin/
  ignore line: []
  ignore line: [Run Build Command(s):F:/gytx_x86_64-12.1.0-posix-seh/mingw64/bin/mingw32-make.exe -f Makefile cmTC_5efd7/fast && F:/gytx_x86_64-12.1.0-posix-seh/mingw64/bin/mingw32-make.exe  -f CMakeFiles\cmTC_5efd7.dir\build.make CMakeFiles/cmTC_5efd7.dir/build]
  ignore line: [mingw32-make.exe[1]: Entering directory 'F:/VScode/out/Debug/CMakeFiles/CMakeScratch/TryCompile-fdwvey']
  ignore line: [Building CXX object CMakeFiles/cmTC_5efd7.dir/CMakeCXXCompilerABI.cpp.obj]
  ignore line: [C:\mingw64\bin\g++.exe   -v -o CMakeFiles\cmTC_5efd7.dir\CMakeCXXCompilerABI.cpp.obj -c F:\CMake\share\cmake-3.25\Modules\CMakeCXXCompilerABI.cpp]
  ignore line: [Using built-in specs.]
  ignore line: [COLLECT_GCC=C:\mingw64\bin\g++.exe]
  ignore line: [Target: x86_64-w64-mingw32]
  ignore line: [Configured with: ../../../src/gcc-11.2.0/configure --host=x86_64-w64-mingw32 --build=x86_64-w64-mingw32 --target=x86_64-w64-mingw32 --prefix=/mingw64 --with-sysroot=/build/x86_64-1120-posix-seh-rt_v9-rev1/mingw64 --enable-shared --enable-static --disable-multilib --enable-languages=c,c++,lto --enable-libstdcxx-time=yes --enable-threads=posix --enable-libgomp --enable-libatomic --enable-lto --enable-graphite --enable-checking=release --enable-fully-dynamic-string --enable-version-specific-runtime-libs --enable-libstdcxx-filesystem-ts=yes --disable-libstdcxx-pch --disable-libstdcxx-debug --enable-bootstrap --disable-rpath --disable-win32-registry --disable-nls --disable-werror --disable-symvers --with-gnu-as --with-gnu-ld --with-arch=nocona --with-tune=core2 --with-libiconv --with-system-zlib --with-gmp=/build/prerequisites/x86_64-w64-mingw32-static --with-mpfr=/build/prerequisites/x86_64-w64-mingw32-static --with-mpc=/build/prerequisites/x86_64-w64-mingw32-static --with-isl=/build/prerequisites/x86_64-w64-mingw32-static --with-pkgversion='x86_64-posix-seh-rev1, Built by Guyutongxue' --with-bugurl=https://sourceforge.net/projects/mingw-w64 CFLAGS='-O2 -pipe -fno-ident -I/build/x86_64-1120-posix-seh-rt_v9-rev1/mingw64/opt/include -I/build/prerequisites/x86_64-zlib-static/include -I/build/prerequisites/x86_64-w64-mingw32-static/include' CXXFLAGS='-O2 -pipe -fno-ident -I/build/x86_64-1120-posix-seh-rt_v9-rev1/mingw64/opt/include -I/build/prerequisites/x86_64-zlib-static/include -I/build/prerequisites/x86_64-w64-mingw32-static/include' CPPFLAGS=' -I/build/x86_64-1120-posix-seh-rt_v9-rev1/mingw64/opt/include -I/build/prerequisites/x86_64-zlib-static/include -I/build/prerequisites/x86_64-w64-mingw32-static/include' LDFLAGS='-pipe -fno-ident -L/build/x86_64-1120-posix-seh-rt_v9-rev1/mingw64/opt/lib -L/build/prerequisites/x86_64-zlib-static/lib -L/build/prerequisites/x86_64-w64-mingw32-static/lib ' LD_FOR_TARGET=/build/x86_64-1120-posix-seh-rt_v9-rev1/mingw64/bin/ld.exe]
  ignore line: [Thread model: posix]
  ignore line: [Supported LTO compression algorithms: zlib]
  ignore line: [gcc version 11.2.0 (x86_64-posix-seh-rev1  Built by Guyutongxue) ]
  ignore line: [COLLECT_GCC_OPTIONS='-v' '-o' 'CMakeFiles\cmTC_5efd7.dir\CMakeCXXCompilerABI.cpp.obj' '-c' '-shared-libgcc' '-mtune=core2' '-march=nocona' '-dumpdir' 'CMakeFiles\cmTC_5efd7.dir\']
  ignore line: [ F:/mingw64/bin/../libexec/gcc/x86_64-w64-mingw32/11.2.0/cc1plus.exe -quiet -v -iprefix F:/mingw64/bin/../lib/gcc/x86_64-w64-mingw32/11.2.0/ -D_REENTRANT F:\CMake\share\cmake-3.25\Modules\CMakeCXXCompilerABI.cpp -quiet -dumpdir CMakeFiles\cmTC_5efd7.dir\ -dumpbase CMakeCXXCompilerABI.cpp.cpp -dumpbase-ext .cpp -mtune=core2 -march=nocona -version -o C:\Users\SINCLA~1\AppData\Local\Temp\ccooAswn.s]
  ignore line: [GNU C++17 (x86_64-posix-seh-rev1  Built by Guyutongxue) version 11.2.0 (x86_64-w64-mingw32)]
  ignore line: [	compiled by GNU C version 11.2.0  GMP version 6.2.1  MPFR version 4.1.0  MPC version 1.2.1  isl version isl-0.24-GMP]
  ignore line: []
  ignore line: [GGC heuristics: --param ggc-min-expand=100 --param ggc-min-heapsize=131072]
  ignore line: [ignoring duplicate directory "F:/mingw64/lib/gcc/../../lib/gcc/x86_64-w64-mingw32/11.2.0/include/c++"]
  ignore line: [ignoring duplicate directory "F:/mingw64/lib/gcc/../../lib/gcc/x86_64-w64-mingw32/11.2.0/include/c++/x86_64-w64-mingw32"]
  ignore line: [ignoring duplicate directory "F:/mingw64/lib/gcc/../../lib/gcc/x86_64-w64-mingw32/11.2.0/include/c++/backward"]
  ignore line: [ignoring duplicate directory "F:/mingw64/lib/gcc/../../lib/gcc/x86_64-w64-mingw32/11.2.0/include"]
  ignore line: [ignoring nonexistent directory "C:/msys64/build/x86_64-1120-posix-seh-rt_v9-rev1/mingw64C:/msys64/mingw64/lib/gcc/x86_64-w64-mingw32/11.2.0/../../../../include"]
  ignore line: [ignoring duplicate directory "F:/mingw64/lib/gcc/../../lib/gcc/x86_64-w64-mingw32/11.2.0/include-fixed"]
  ignore line: [ignoring duplicate directory "F:/mingw64/lib/gcc/../../lib/gcc/x86_64-w64-mingw32/11.2.0/../../../../x86_64-w64-mingw32/include"]
  ignore line: [ignoring nonexistent directory "C:/msys64/build/x86_64-1120-posix-seh-rt_v9-rev1/mingw64/mingw/include"]
  ignore line: [#include "..." search starts here:]
  ignore line: [#include <...> search starts here:]
  ignore line: [ F:/mingw64/bin/../lib/gcc/x86_64-w64-mingw32/11.2.0/include/c++]
  ignore line: [ F:/mingw64/bin/../lib/gcc/x86_64-w64-mingw32/11.2.0/include/c++/x86_64-w64-mingw32]
  ignore F:/mingw64/bin/w64/bin/../lib/gcc/x86_64-w64-mingw32/11.2.0/include/c++F:/mingw64/bin/
  ignore line: [ F:/mingw64/bin/../lib/gcc/x86_64-w64-mingw32/11.2.0/include]
  ignore line: [ F:/mingw64/bin/../lib/gcc/x86_64-w64-mingw32/11.2.0/include-fixed]
  ignore line: [F:/mingw64/bin//../lib/gcc/x86_64-w64-mingw32/11.2.0/../../../../x86_64-w64-mingw32/include]
  ignore line: [F:/mingw64/bin/ist.]
  ignore line: [F:/mingw64/bin/64-posix-seh-rev1  Built by Guyutongxue) version 11.2.0 (x86_64-w64-mingw32)]
  ignore line: [	compileF:/mingw64/bin/ion 11.2.0  GMP version 6.2.1  MPFR version 4.1.0  MPC version 1.2.1  isl version isl-0.24-GMP]
  ignore line: []F:/mingw64/bin/
  ignore line: [GGC heurF:/mingw64/bin/ ggc-min-expand=100 --param ggc-min-heapsize=131072]
  ignore line: [CompilerF:/mingw64/bin/cksum: f91fb39abcdd430f3c52ca6c59ea5f0b]
  ignore line: [COLLECT_F:/mingw64/bin/' '-o' 'CMakeFiles\cmTC_5efd7.dir\CMakeCXXCompilerABI.cpp.obj' '-c' '-shared-libgcc' '-mtune=core2' '-march=nocona' '-dumpdir' 'CMakeFiles\cmTC_5efd7.dir\']
  ignore line: [ C:/mingF:/mingw64/bin/gcc/x86_64-w64-mingw32/11.2.0/../../../../x86_64-w64-mingw32/bin/as.exe -v -o CMakeFiles\cmTC_5efd7.dir\CMakeCXXCompilerABI.cpp.obj C:\Users\SINCLA~1\AppData\Local\Temp\ccooAswn.s]
  ignore line: [GNU assembler version 2.37 (x86_64-w64-mingw32) using BFD version (GNU Binutils) 2.37]
  ignore line: [COMPILER_PATH=F:/mingw64/bin/../libexec/gcc/x86_64-w64-mingw32/11.2.0/]
  ignore line: [F:/mingw64/bin/../libexec/gcc/]
  ignore line: [F:/mingw64/bin/../lib/gcc/x86_64-w64-mingw32/11.2.0/../../../../x86_64-w64-mingw32/bin/]
  ignore line: [LIBRARY_PATH=F:/mingw64/bin/../lib/gcc/x86_64-w64-mingw32/11.2.0/]
  ignore line: [F:/mingw64/bin/../lib/gcc/]
  ignore line: [F:/mingw64/bin/../lib/gcc/x86_64-w64-mingw32/11.2.0/../../../../x86_64-w64-mingw32/lib/../lib/]
  ignore line: [F:/mingw64/bin/../lib/gcc/x86_64-w64-mingw32/11.2.0/../../../../lib/]
  ignore line: [F:/mingw64/bin/../lib/gcc/x86_64-w64-mingw32/11.2.0/../../../../x86_64-w64-mingw32/lib/]
  ignore line: [F:/mingw64/bin/../lib/gcc/x86_64-w64-mingw32/11.2.0/../../../]
  ignore line: [COLLECT_GCC_OPTIONS='-v' '-o' 'CMakeFiles\cmTC_5efd7.dir\CMakeCXXCompilerABI.cpp.obj' '-c' '-shared-libgcc' '-mtune=core2' '-march=nocona' '-dumpdir' 'CMakeFiles\cmTC_5efd7.dir\CMakeCXXCompilerABI.cpp.']
  ignore line: [Linking CXX executable cmTC_5efd7.exe]
  ignore line: [F:\CMake\bin\cmake.exe -E cmake_link_script CMakeFiles\cmTC_5efd7.dir\link.txt --verbose=1]
  ignore line: [F:\CMake\bin\cmake.exe -E rm -f CMakeFiles\cmTC_5efd7.dir/objects.a]
  ignore line: [C:\mingw64\bin\ar.exe qc CMakeFiles\cmTC_5efd7.dir/objects.a @CMakeFiles\cmTC_5efd7.dir\objects1]
  ignore line: [C:\mingw64\bin\g++.exe  -v -Wl --whole-archive CMakeFiles\cmTC_5efd7.dir/objects.a -Wl --no-whole-archive -o cmTC_5efd7.exe -Wl --out-implib libcmTC_5efd7.dll.a -Wl --major-image-version 0 --minor-image-version 0 ]
  ignore line: [Using built-in specs.]
  ignore line: [COLLECT_GCC=C:\mingw64\bin\g++.exe]
  ignore line: [COLLECT_LTO_WRAPPER=F:/mingw64/bin/../libexec/gcc/x86_64-w64-mingw32/11.2.0/lto-wrapper.exe]
  ignore line: [Target: x86_64-w64-mingw32]
  ignore line: [Configured with: ../../../src/gcc-11.2.0/configure --host=x86_64-w64-mingw32 --build=x86_64-w64-mingw32 --target=x86_64-w64-mingw32 --prefix=/mingw64 --with-sysroot=/build/x86_64-1120-posix-seh-rt_v9-rev1/mingw64 --enable-shared --enable-static --disable-multilib --enable-languages=c,c++,lto --enable-libstdcxx-time=yes --enable-threads=posix --enable-libgomp --enable-libatomic --enable-lto --enable-graphite --enable-checking=release --enable-fully-dynamic-string --enable-version-specific-runtime-libs --enable-libstdcxx-filesystem-ts=yes --disable-libstdcxx-pch --disable-libstdcxx-debug --enable-bootstrap --disable-rpath --disable-win32-registry --disable-nls --disable-werror --disable-symvers --with-gnu-as --with-gnu-ld --with-arch=nocona --with-tune=core2 --with-libiconv --with-system-zlib --with-gmp=/build/prerequisites/x86_64-w64-mingw32-static --with-mpfr=/build/prerequisites/x86_64-w64-mingw32-static --with-mpc=/build/prerequisites/x86_64-w64-mingw32-static --with-isl=/build/prerequisites/x86_64-w64-mingw32-static --with-pkgversion='x86_64-posix-seh-rev1, Built by Guyutongxue' --with-bugurl=https://sourceforge.net/projects/mingw-w64 CFLAGS='-O2 -pipe -fno-ident -I/build/x86_64-1120-posix-seh-rt_v9-rev1/mingw64/opt/include -I/build/prerequisites/x86_64-zlib-static/include -I/build/prerequisites/x86_64-w64-mingw32-static/include' CXXFLAGS='-O2 -pipe -fno-ident -I/build/x86_64-1120-posix-seh-rt_v9-rev1/mingw64/opt/include -I/build/prerequisites/x86_64-zlib-static/include -I/build/prerequisites/x86_64-w64-mingw32-static/include' CPPFLAGS=' -I/build/x86_64-1120-posix-seh-rt_v9-rev1/mingw64/opt/include -I/build/prerequisites/x86_64-zlib-static/include -I/build/prerequisites/x86_64-w64-mingw32-static/include' LDFLAGS='-pipe -fno-ident -L/build/x86_64-1120-posix-seh-rt_v9-rev1/mingw64/opt/lib -L/build/prerequisites/x86_64-zlib-static/lib -L/build/prerequisites/x86_64-w64-mingw32-static/lib ' LD_FOR_TARGET=/build/x86_64-1120-posix-seh-rt_v9-rev1/mingw64/bin/ld.exe]
  ignore line: [Thread model: posix]
  ignore line: [Supported LTO compression algorithms: zlib]
  ignore line: [gcc version 11.2.0 (x86_64-posix-seh-rev1  Built by Guyutongxue) ]
  ignore line: [COMPILER_PATH=F:/mingw64/bin/../libexec/gcc/x86_64-w64-mingw32/11.2.0/]
  ignore line: [F:/mingw64/bin/../libexec/gcc/]
  ignore line: [F:/mingw64/bin/../lib/gcc/x86_64-w64-mingw32/11.2.0/../../../../x86_64-w64-mingw32/bin/]
  ignore line: [LIBRARY_PATH=F:/mingw64/bin/../lib/gcc/x86_64-w64-mingw32/11.2.0/]
  ignore line: [F:/mingw64/bin/../lib/gcc/]
  ignore line: [F:/mingw64/bin/../lib/gcc/x86_64-w64-mingw32/11.2.0/../../../../x86_64-w64-mingw32/lib/../lib/]
  ignore line: [F:/mingw64/bin/../lib/gcc/x86_64-w64-mingw32/11.2.0/../../../../lib/]
  ignore line: [F:/mingw64/bin/../lib/gcc/x86_64-w64-mingw32/11.2.0/../../../../x86_64-w64-mingw32/lib/]
  ignore line: [F:/mingw64/bin/../lib/gcc/x86_64-w64-mingw32/11.2.0/../../../]
  ignore line: [COLLECT_GCC_OPTIONS='-v' '-o' 'cmTC_5efd7.exe' '-shared-libgcc' '-mtune=core2' '-march=nocona' '-dumpdir' 'cmTC_5efd7.']
  link line: [ F:/mingw64/bin/../libexec/gcc/x86_64-w64-mingw32/11.2.0/collect2.exe -plugin F:/mingw64/bin/../libexec/gcc/x86_64-w64-mingw32/11.2.0/liblto_plugin.dll -plugin-opt=F:/mingw64/bin/../libexec/gcc/x86_64-w64-mingw32/11.2.0/lto-wrapper.exe -plugin-opt=-fresolution=C:\Users\SINCLA~1\AppData\Local\Temp\cc4pLruA.res -plugin-opt=-pass-through=-lmingw32 -plugin-opt=-pass-through=-lgcc_s -plugin-opt=-pass-through=-lgcc -plugin-opt=-pass-through=-lmoldname -plugin-opt=-pass-through=-lmingwex -plugin-opt=-pass-through=-lmsvcrt -plugin-opt=-pass-through=-lkernel32 -plugin-opt=-pass-through=-lpthread -plugin-opt=-pass-through=-ladvapi32 -plugin-opt=-pass-through=-lshell32 -plugin-opt=-pass-through=-luser32 -plugin-opt=-pass-through=-lkernel32 -plugin-opt=-pass-through=-liconv -plugin-opt=-pass-through=-lmingw32 -plugin-opt=-pass-through=-lgcc_s -plugin-opt=-pass-through=-lgcc -plugin-opt=-pass-through=-lmoldname -plugin-opt=-pass-through=-lmingwex -plugin-opt=-pass-through=-lmsvcrt -plugin-opt=-pass-through=-lkernel32 --sysroot=C:/msys64/build/x86_64-1120-posix-seh-rt_v9-rev1/mingw64 -m i386pep -Bdynamic -o cmTC_5efd7.exe F:/mingw64/bin/../lib/gcc/x86_64-w64-mingw32/11.2.0/../../../../x86_64-w64-mingw32/lib/../lib/crt2.o F:/mingw64/bin/../lib/gcc/x86_64-w64-mingw32/11.2.0/crtbegin.o -LF:/mingw64/bin/../lib/gcc/x86_64-w64-mingw32/11.2.0 -LF:/mingw64/bin/../lib/gcc -LF:/mingw64/bin/../lib/gcc/x86_64-w64-mingw32/11.2.0/../../../../x86_64-w64-mingw32/lib/../lib -LF:/mingw64/bin/../lib/gcc/x86_64-w64-mingw32/11.2.0/../../../../lib -LF:/mingw64/bin/../lib/gcc/x86_64-w64-mingw32/11.2.0/../../../../x86_64-w64-mingw32/lib -LF:/mingw64/bin/../lib/gcc/x86_64-w64-mingw32/11.2.0/../../.. --whole-archive CMakeFiles\cmTC_5efd7.dir/objects.a --no-whole-archive --out-implib libcmTC_5efd7.dll.a --major-image-version 0 --minor-image-version 0 -lstdc++ -lmingw32 -lgcc_s -lgcc -lmoldname -lmingwex -lmsvcrt -lkernel32 -lpthread -ladvapi32 -lshell32 -luser32 -lkernel32 -liconv -lmingw32 -lgcc_s -lgcc -lmoldname -lmingwex -lmsvcrt -lkernel32 F:/mingw64/bin/../lib/gcc/x86_64-w64-mingw32/11.2.0/crtend.o]
    arg [F:/mingw64/bin/../libexec/gcc/x86_64-w64-mingw32/11.2.0/collect2.exe] ==> ignore
    arg [-plugin] ==> ignore
    arg [F:/mingw64/bin/../libexec/gcc/x86_64-w64-mingw32/11.2.0/liblto_plugin.dll] ==> ignore
    arg [-plugin-opt=F:/mingw64/bin/../libexec/gcc/x86_64-w64-mingw32/11.2.0/lto-wrapper.exe] ==> ignore
    arg [-plugin-opt=-fresolution=C:\Users\SINCLA~1\AppData\Local\Temp\cc4pLruA.res] ==> ignore
    arg [-plugin-opt=-pass-through=-lmingw32] ==> ignore
    arg [-plugin-opt=-pass-through=-lgcc_s] ==> ignore
    arg [-plugin-opt=-pass-through=-lgcc] ==> ignore
    arg [-plugin-opt=-pass-through=-lmoldname] ==> ignore
    arg [-plugin-opt=-pass-through=-lmingwex] ==> ignore
    arg [-plugin-opt=-pass-through=-lmsvcrt] ==> ignore
    arg [-plugin-opt=-pass-through=-lkernel32] ==> ignore
    arg [-plugin-opt=-pass-through=-lpthread] ==> ignore
    arg [-plugin-opt=-pass-through=-ladvapi32] ==> ignore
    arg [-plugin-opt=-pass-through=-lshell32] ==> ignore
    arg [-plugin-opt=-pass-through=-luser32] ==> ignore
    arg [-plugin-opt=-pass-through=-lkernel32] ==> ignore
    arg [-plugin-opt=-pass-through=-liconv] ==> ignore
    arg [-plugin-opt=-pass-through=-lmingw32] ==> ignore
    arg [-plugin-opt=-pass-through=-lgcc_s] ==> ignore
    arg [-plugin-opt=-pass-through=-lgcc] ==> ignore
    arg [-plugin-opt=-pass-through=-lmoldname] ==> ignore
    arg [-plugin-opt=-pass-through=-lmingwex] ==> ignore
    arg [-plugin-opt=-pass-through=-lmsvcrt] ==> ignore
    arg [-plugin-opt=-pass-through=-lkernel32] ==> ignore
    arg [--sysroot=C:/msys64/build/x86_64-1120-posix-seh-rt_v9-rev1/mingw64] ==> ignore
    arg [-m] ==> ignore
    arg [i386pep] ==> ignore
    arg [-Bdynamic] ==> search dynamic
    arg [-o] ==> ignore
    arg [cmTC_5efd7.exe] ==> ignore
    arg [F:/mingw64/bin/../lib/gcc/x86_64-w64-mingw32/11.2.0/../../../../x86_64-w64-mingw32/lib/../lib/crt2.o] ==> obj [F:/mingw64/bin/../lib/gcc/x86_64-w64-mingw32/11.2.0/../../../../x86_64-w64-mingw32/lib/../lib/crt2.o]
    arg [F:/mingw64/bin/../lib/gcc/x86_64-w64-mingw32/11.2.0/crtbegin.o] ==> obj [F:/mingw64/bin/../lib/gcc/x86_64-w64-mingw32/11.2.0/crtbegin.o]
    arg [-LF:/mingw64/bin/../lib/gcc/x86_64-w64-mingw32/11.2.0] ==> dir [F:/mingw64/bin/../lib/gcc/x86_64-w64-mingw32/11.2.0]
    arg [-LF:/mingw64/bin/../lib/gcc] ==> dir [F:/mingw64/bin/../lib/gcc]
    arg [-LF:/mingw64/bin/../lib/gcc/x86_64-w64-mingw32/11.2.0/../../../../x86_64-w64-mingw32/lib/../lib] ==> dir [F:/mingw64/bin/../lib/gcc/x86_64-w64-mingw32/11.2.0/../../../../x86_64-w64-mingw32/lib/../lib]
    arg [-LF:/mingw64/bin/../lib/gcc/x86_64-w64-mingw32/11.2.0/../../../../lib] ==> dir [F:/mingw64/bin/../lib/gcc/x86_64-w64-mingw32/11.2.0/../../../../lib]
    arg [-LF:/mingw64/bin/../lib/gcc/x86_64-w64-mingw32/11.2.0/../../../../x86_64-w64-mingw32/lib] ==> dir [F:/mingw64/bin/../lib/gcc/x86_64-w64-mingw32/11.2.0/../../../../x86_64-w64-mingw32/lib]
    arg [-LF:/mingw64/bin/../lib/gcc/x86_64-w64-mingw32/11.2.0/../../..] ==> dir [F:/mingw64/bin/../lib/gcc/x86_64-w64-mingw32/11.2.0/../../..]
    arg [--whole-archive] ==> ignore
    arg [CMakeFiles\cmTC_5efd7.dir/objects.a] ==> ignore
    arg [--no-whole-archive] ==> ignore
    arg [--out-implib] ==> ignore
    arg [libcmTC_5efd7.dll.a] ==> ignore
    arg [--major-image-version] ==> ignore
    arg [0] ==> ignore
    arg [--minor-image-version] ==> ignore
    arg [0] ==> ignore
    arg [-lstdc++] ==> lib [stdc++]
    arg [-lmingw32] ==> lib [mingw32]
    arg [-lgcc_s] ==> lib [gcc_s]
    arg [-lgcc] ==> lib [gcc]
    arg [-lmoldname] ==> lib [moldname]
    arg [-lmingwex] ==> lib [mingwex]
    arg [-lmsvcrt] ==> lib [msvcrt]
    arg [-lkernel32] ==> lib [kernel32]
    arg [-lpthread] ==> lib [pthread]
    arg [-ladvapi32] ==> lib [advapi32]
    arg [-lshell32] ==> lib [shell32]
    arg [-luser32] ==> lib [user32]
    arg [-lkernel32] ==> lib [kernel32]
    arg [-liconv] ==> lib [iconv]
    arg [-lmingw32] ==> lib [mingw32]
    arg [-lgcc_s] ==> lib [gcc_s]
    arg [-lgcc] ==> lib [gcc]
    arg [-lmoldname] ==> lib [moldname]
    arg [-lmingwex] ==> lib [mingwex]
    arg [-lmsvcrt] ==> lib [msvcrt]
    arg [-lkernel32] ==> lib [kernel32]
    arg [F:/mingw64/bin/../lib/gcc/x86_64-w64-mingw32/11.2.0/crtend.o] ==> obj [F:/mingw64/bin/../lib/gcc/x86_64-w64-mingw32/11.2.0/crtend.o]
  remove lib [msvcrt]
  remove lib [msvcrt]
  collapse obj [F:/mingw64/bin/../lib/gcc/x86_64-w64-mingw32/11.2.0/../../../../x86_64-w64-mingw32/lib/../lib/crt2.o] ==> [F:/mingw64/x86_64-w64-mingw32/lib/crt2.o]
  collapse obj [F:/mingw64/bin/../lib/gcc/x86_64-w64-mingw32/11.2.0/crtbegin.o] ==> [F:/mingw64/lib/gcc/x86_64-w64-mingw32/11.2.0/crtbegin.o]
  collapse obj [F:/mingw64/bin/../lib/gcc/x86_64-w64-mingw32/11.2.0/crtend.o] ==> [F:/mingw64/lib/gcc/x86_64-w64-mingw32/11.2.0/crtend.o]
  collapse library dir [F:/mingw64/bin/../lib/gcc/x86_64-w64-mingw32/11.2.0] ==> [F:/mingw64/lib/gcc/x86_64-w64-mingw32/11.2.0]
  collapse library dir [F:/mingw64/bin/../lib/gcc] ==> [F:/mingw64/lib/gcc]
  collapse library dir [F:/mingw64/bin/../lib/gcc/x86_64-w64-mingw32/11.2.0/../../../../x86_64-w64-mingw32/lib/../lib] ==> [F:/mingw64/x86_64-w64-mingw32/lib]
  collapse library dir [F:/mingw64/bin/../lib/gcc/x86_64-w64-mingw32/11.2.0/../../../../lib] ==> [F:/mingw64/lib]
  collapse library dir [F:/mingw64/bin/../lib/gcc/x86_64-w64-mingw32/11.2.0/../../../../x86_64-w64-mingw32/lib] ==> [F:/mingw64/x86_64-w64-mingw32/lib]
  collapse library dir [F:/mingw64/bin/../lib/gcc/x86_64-w64-mingw32/11.2.0/../../..] ==> [F:/mingw64/lib]
  implicit libs: [stdc++;mingw32;gcc_s;gcc;moldname;mingwex;kernel32;pthread;advapi32;shell32;user32;kernel32;iconv;mingw32;gcc_s;gcc;moldname;mingwex;kernel32]
  implicit objs: [F:/mingw64/x86_64-w64-mingw32/lib/crt2.o;F:/mingw64/lib/gcc/x86_64-w64-mingw32/11.2.0/crtbegin.o;F:/mingw64/lib/gcc/x86_64-w64-mingw32/11.2.0/crtend.o]
  implicit dirs: [F:/mingw64/lib/gcc/x86_64-w64-mingw32/11.2.0;F:/mingw64/lib/gcc;F:/mingw64/x86_64-w64-mingw32/lib;F:/mingw64/lib]
  implicit fwks: []


